<?xml version="1.0" encoding="UTF-8"?>
<!-- Generated by org.testng.reporters.JUnitReportReporter -->
<testsuite hostname="DESKTOP-91071EB" failures="0" tests="1" name="newComplaint.ComplaintTest" time="24.440" errors="0" timestamp="2022-11-03T22:20:55 IST" skipped="0">
  <testcase classname="newComplaint.ComplaintTest" name="createComplaint" time="24.440"/>
  <system-out/>
</testsuite> <!-- newComplaint.ComplaintTest -->
