<?xml version="1.0" encoding="UTF-8"?>
<!-- Generated by org.testng.reporters.JUnitReportReporter -->
<testsuite hostname="DESKTOP-91071EB" failures="0" tests="1" name="login.LoginTest" time="5.458" errors="0" timestamp="2022-11-03T20:37:04 IST" skipped="0">
  <testcase classname="login.LoginTest" name="verifySignin" time="5.458"/>
  <system-out/>
</testsuite> <!-- login.LoginTest -->
